<?xml version="1.0" encoding="UTF-8"?>
<!-- Generated by org.testng.reporters.JUnitReportReporter -->
<testsuite hostname="AELAP5N2KVZ1" name="com.tests.Testsikuli.TestSikuli" tests="1" failures="0" timestamp="29 Apr 2016 14:28:36 GMT" time="17.272" errors="0">
  <testcase name="testsikuli" time="17.272" classname="com.tests.Testsikuli.TestSikuli"/>
</testsuite> <!-- com.tests.Testsikuli.TestSikuli -->
